  [4;36;1mSQL (0.1ms)[0m   [0;1mSET client_min_messages TO 'panic'[0m
  [4;35;1mSQL (0.1ms)[0m   [0mSET client_min_messages TO 'notice'[0m
  [4;36;1mSQL (3.8ms)[0m   [0;1mCREATE TABLE "schema_migrations" ("version" character varying(255) NOT NULL) [0m
  [4;35;1mSQL (2.8ms)[0m   [0mCREATE UNIQUE INDEX "unique_schema_migrations" ON "schema_migrations" ("version")[0m
  [4;36;1mSQL (0.3ms)[0m   [0;1mSELECT version FROM schema_migrations[0m
Migrating to CreateRecipes (20090715020236)
  [4;35;1mSQL (0.1ms)[0m   [0mBEGIN[0m
  [4;36;1mSQL (6.5ms)[0m   [0;1mCREATE TABLE "recipes" ("id" serial primary key, "name" character varying(255), "ingredients" text, "preparation" text, "created_at" timestamp, "updated_at" timestamp) [0m
  [4;35;1mSQL (0.5ms)[0m   [0mINSERT INTO schema_migrations (version) VALUES ('20090715020236')[0m
  [4;36;1mSQL (1.0ms)[0m   [0;1mCOMMIT[0m
Migrating to CreateMeals (20090715020616)
  [4;35;1mSQL (0.6ms)[0m   [0mBEGIN[0m
  [4;36;1mSQL (3.6ms)[0m   [0;1mCREATE TABLE "meals" ("id" serial primary key, "mealtime" character varying(255), "day" date, "created_at" timestamp, "updated_at" timestamp) [0m
  [4;35;1mSQL (0.2ms)[0m   [0mINSERT INTO schema_migrations (version) VALUES ('20090715020616')[0m
  [4;36;1mSQL (1.1ms)[0m   [0;1mCOMMIT[0m
  [4;35;1mSQL (0.2ms)[0m   [0mSELECT version FROM schema_migrations[0m
  [4;36;1mSQL (0.4ms)[0m   [0;1mSET client_min_messages TO 'panic'[0m
  [4;35;1mSQL (0.2ms)[0m   [0mSET client_min_messages TO 'notice'[0m
  [4;36;1mSQL (7.2ms)[0m   [0;1mSELECT version FROM schema_migrations[0m
Migrating to CreateRecipes (20090715020236)
Migrating to CreateMeals (20090715020616)
Migrating to CreateAssociationTableForMealsAndRecipes (20090715025128)
  [4;35;1mSQL (0.2ms)[0m   [0mBEGIN[0m
  [4;36;1mSQL (0.2ms)[0m   [0;1mROLLBACK[0m
  [4;36;1mSQL (0.1ms)[0m   [0;1mSET client_min_messages TO 'panic'[0m
  [4;35;1mSQL (0.1ms)[0m   [0mSET client_min_messages TO 'notice'[0m
  [4;36;1mSQL (0.3ms)[0m   [0;1mSELECT version FROM schema_migrations[0m
Migrating to CreateRecipes (20090715020236)
Migrating to CreateMeals (20090715020616)
Migrating to CreateAssociationTableForMealsAndRecipes (20090715025128)
  [4;35;1mSQL (0.1ms)[0m   [0mBEGIN[0m
  [4;36;1mSQL (200.0ms)[0m   [0;1mCREATE TABLE "meals_recipes" ("id" serial primary key, "meal_id" integer, "recipe_id" integer) [0m
  [4;35;1mSQL (22.6ms)[0m   [0mINSERT INTO schema_migrations (version) VALUES ('20090715025128')[0m
  [4;36;1mSQL (0.8ms)[0m   [0;1mCOMMIT[0m
  [4;35;1mSQL (0.1ms)[0m   [0mSELECT version FROM schema_migrations[0m
  [4;36;1mSQL (0.1ms)[0m   [0;1mSET client_min_messages TO 'panic'[0m
  [4;35;1mSQL (0.1ms)[0m   [0mSET client_min_messages TO 'notice'[0m


Processing RecipesController#index (for 127.0.0.1 at 2009-07-14 22:55:00) [GET]
  [4;36;1mRecipe Load (1.6ms)[0m   [0;1mSELECT * FROM "recipes" [0m
Rendering template within layouts/recipes
Rendering recipes/index
Completed in 87ms (View: 68, DB: 2) | 200 OK [http://localhost/recipes]
  [4;35;1mSQL (0.2ms)[0m   [0mSET client_min_messages TO 'panic'[0m
  [4;36;1mSQL (0.1ms)[0m   [0;1mSET client_min_messages TO 'notice'[0m


Processing RecipesController#new (for 127.0.0.1 at 2009-07-14 22:55:03) [GET]
Rendering template within layouts/recipes
Rendering recipes/new
Completed in 73ms (View: 25, DB: 0) | 200 OK [http://localhost/recipes/new]
  [4;35;1mSQL (0.1ms)[0m   [0mSET client_min_messages TO 'panic'[0m
  [4;36;1mSQL (0.1ms)[0m   [0;1mSET client_min_messages TO 'notice'[0m


Processing RecipesController#create (for 127.0.0.1 at 2009-07-14 22:55:46) [POST]
  Parameters: {"commit"=>"Create", "authenticity_token"=>"9pml89LZyCnS0tg3qbt+2kSPGE4jslK0AjK7tl56vnw=", "recipe"=>{"name"=>"Pancakes", "preparation"=>"Make some pancakes!\r\n\r\nEat 'em up!", "ingredients"=>"Pancake Mix\r\nButter\r\nSyrup"}}
  [4;35;1mSQL (0.1ms)[0m   [0mBEGIN[0m
  [4;36;1mSQL (10.4ms)[0m   [0;1mINSERT INTO "recipes" ("name", "created_at", "preparation", "updated_at", "ingredients") VALUES(E'Pancakes', '2009-07-15 02:55:46.398902', E'Make some pancakes!

Eat ''em up!', '2009-07-15 02:55:46.398902', E'Pancake Mix
Butter
Syrup') RETURNING "id"[0m
  [4;35;1mSQL (0.9ms)[0m   [0mCOMMIT[0m
Redirected to http://localhost:3000/recipes/1
Completed in 91ms (DB: 12) | 302 Found [http://localhost/recipes]
  [4;36;1mSQL (0.1ms)[0m   [0;1mSET client_min_messages TO 'panic'[0m
  [4;35;1mSQL (0.1ms)[0m   [0mSET client_min_messages TO 'notice'[0m


Processing RecipesController#show (for 127.0.0.1 at 2009-07-14 22:55:46) [GET]
  Parameters: {"id"=>"1"}
  [4;36;1mRecipe Load (0.5ms)[0m   [0;1mSELECT * FROM "recipes" WHERE ("recipes"."id" = 1) [0m
Rendering template within layouts/recipes
Rendering recipes/show
Completed in 98ms (View: 75, DB: 1) | 200 OK [http://localhost/recipes/1]
  [4;35;1mSQL (0.2ms)[0m   [0mSET client_min_messages TO 'panic'[0m
  [4;36;1mSQL (0.1ms)[0m   [0;1mSET client_min_messages TO 'notice'[0m


Processing RecipesController#index (for 127.0.0.1 at 2009-07-14 22:55:48) [GET]
  [4;35;1mRecipe Load (1.5ms)[0m   [0mSELECT * FROM "recipes" [0m
Rendering template within layouts/recipes
Rendering recipes/index
Completed in 32ms (View: 13, DB: 2) | 200 OK [http://localhost/recipes]
  [4;36;1mSQL (0.2ms)[0m   [0;1mSET client_min_messages TO 'panic'[0m
  [4;35;1mSQL (0.1ms)[0m   [0mSET client_min_messages TO 'notice'[0m


Processing RecipesController#new (for 127.0.0.1 at 2009-07-14 22:55:51) [GET]
Rendering template within layouts/recipes
Rendering recipes/new
Completed in 28ms (View: 8, DB: 0) | 200 OK [http://localhost/recipes/new]
  [4;36;1mSQL (0.2ms)[0m   [0;1mSET client_min_messages TO 'panic'[0m
  [4;35;1mSQL (0.1ms)[0m   [0mSET client_min_messages TO 'notice'[0m


Processing RecipesController#create (for 127.0.0.1 at 2009-07-14 22:56:32) [POST]
  Parameters: {"commit"=>"Create", "authenticity_token"=>"9pml89LZyCnS0tg3qbt+2kSPGE4jslK0AjK7tl56vnw=", "recipe"=>{"name"=>"Bacon!", "preparation"=>"Cook it!  Eat it!  More bacon!", "ingredients"=>"Bacon\r\nAwesomeness"}}
  [4;36;1mSQL (0.1ms)[0m   [0;1mBEGIN[0m
  [4;35;1mSQL (0.6ms)[0m   [0mINSERT INTO "recipes" ("name", "created_at", "preparation", "updated_at", "ingredients") VALUES(E'Bacon!', '2009-07-15 02:56:32.392817', E'Cook it! Eat it! More bacon!', '2009-07-15 02:56:32.392817', E'Bacon
Awesomeness') RETURNING "id"[0m
  [4;36;1mSQL (0.8ms)[0m   [0;1mCOMMIT[0m
Redirected to http://localhost:3000/recipes/2
Completed in 34ms (DB: 2) | 302 Found [http://localhost/recipes]
  [4;35;1mSQL (0.1ms)[0m   [0mSET client_min_messages TO 'panic'[0m
  [4;36;1mSQL (0.1ms)[0m   [0;1mSET client_min_messages TO 'notice'[0m


Processing RecipesController#show (for 127.0.0.1 at 2009-07-14 22:56:32) [GET]
  Parameters: {"id"=>"2"}
  [4;35;1mRecipe Load (0.5ms)[0m   [0mSELECT * FROM "recipes" WHERE ("recipes"."id" = 2) [0m
Rendering template within layouts/recipes
Rendering recipes/show
Completed in 27ms (View: 5, DB: 1) | 200 OK [http://localhost/recipes/2]
  [4;36;1mSQL (0.1ms)[0m   [0;1mSET client_min_messages TO 'panic'[0m
  [4;35;1mSQL (0.1ms)[0m   [0mSET client_min_messages TO 'notice'[0m


Processing RecipesController#index (for 127.0.0.1 at 2009-07-14 22:56:35) [GET]
  [4;36;1mRecipe Load (1.3ms)[0m   [0;1mSELECT * FROM "recipes" [0m
Rendering template within layouts/recipes
Rendering recipes/index
Completed in 31ms (View: 13, DB: 2) | 200 OK [http://localhost/recipes]
  [4;35;1mSQL (0.1ms)[0m   [0mSET client_min_messages TO 'panic'[0m
  [4;36;1mSQL (0.1ms)[0m   [0;1mSET client_min_messages TO 'notice'[0m


Processing RecipesController#new (for 127.0.0.1 at 2009-07-14 22:56:39) [GET]
Rendering template within layouts/recipes
Rendering recipes/new
Completed in 28ms (View: 8, DB: 0) | 200 OK [http://localhost/recipes/new]
  [4;35;1mSQL (0.1ms)[0m   [0mSET client_min_messages TO 'panic'[0m
  [4;36;1mSQL (0.1ms)[0m   [0;1mSET client_min_messages TO 'notice'[0m


Processing RecipesController#create (for 127.0.0.1 at 2009-07-14 22:57:10) [POST]
  Parameters: {"commit"=>"Create", "authenticity_token"=>"9pml89LZyCnS0tg3qbt+2kSPGE4jslK0AjK7tl56vnw=", "recipe"=>{"name"=>"Orange Juice", "preparation"=>"Squeeze them and drink whatever comes out.", "ingredients"=>"Oranges"}}
  [4;35;1mSQL (0.1ms)[0m   [0mBEGIN[0m
  [4;36;1mSQL (0.6ms)[0m   [0;1mINSERT INTO "recipes" ("name", "created_at", "preparation", "updated_at", "ingredients") VALUES(E'Orange Juice', '2009-07-15 02:57:10.287632', E'Squeeze them and drink whatever comes out.', '2009-07-15 02:57:10.287632', E'Oranges') RETURNING "id"[0m
  [4;35;1mSQL (0.7ms)[0m   [0mCOMMIT[0m
Redirected to http://localhost:3000/recipes/3
Completed in 34ms (DB: 2) | 302 Found [http://localhost/recipes]
  [4;36;1mSQL (0.2ms)[0m   [0;1mSET client_min_messages TO 'panic'[0m
  [4;35;1mSQL (0.1ms)[0m   [0mSET client_min_messages TO 'notice'[0m


Processing RecipesController#show (for 127.0.0.1 at 2009-07-14 22:57:10) [GET]
  Parameters: {"id"=>"3"}
  [4;36;1mRecipe Load (0.5ms)[0m   [0;1mSELECT * FROM "recipes" WHERE ("recipes"."id" = 3) [0m
Rendering template within layouts/recipes
Rendering recipes/show
Completed in 27ms (View: 5, DB: 1) | 200 OK [http://localhost/recipes/3]
  [4;35;1mSQL (0.1ms)[0m   [0mSET client_min_messages TO 'panic'[0m
  [4;36;1mSQL (0.1ms)[0m   [0;1mSET client_min_messages TO 'notice'[0m


Processing RecipesController#index (for 127.0.0.1 at 2009-07-14 22:57:12) [GET]
  [4;35;1mRecipe Load (1.3ms)[0m   [0mSELECT * FROM "recipes" [0m
Rendering template within layouts/recipes
Rendering recipes/index
Completed in 35ms (View: 16, DB: 2) | 200 OK [http://localhost/recipes]
  [4;36;1mSQL (0.2ms)[0m   [0;1mSET client_min_messages TO 'panic'[0m
  [4;35;1mSQL (0.1ms)[0m   [0mSET client_min_messages TO 'notice'[0m


Processing MealsController#index (for 127.0.0.1 at 2009-07-14 22:57:26) [GET]
  [4;36;1mMeal Load (1.4ms)[0m   [0;1mSELECT * FROM "meals" [0m
Rendering template within layouts/meals
Rendering meals/index
Completed in 97ms (View: 29, DB: 2) | 200 OK [http://localhost/meals]
  [4;35;1mSQL (0.2ms)[0m   [0mSET client_min_messages TO 'panic'[0m
  [4;36;1mSQL (0.1ms)[0m   [0;1mSET client_min_messages TO 'notice'[0m


Processing MealsController#new (for 127.0.0.1 at 2009-07-14 22:57:48) [GET]
Rendering template within layouts/meals
Rendering meals/new
Completed in 359ms (View: 337, DB: 0) | 200 OK [http://localhost/meals/new]
  [4;35;1mSQL (0.2ms)[0m   [0mSET client_min_messages TO 'panic'[0m
  [4;36;1mSQL (0.1ms)[0m   [0;1mSET client_min_messages TO 'notice'[0m


Processing MealsController#new (for 127.0.0.1 at 2009-07-14 23:02:16) [GET]
Rendering template within layouts/meals
Rendering meals/new
Rendered meals/_form (10.7ms)
Completed in 102ms (View: 74, DB: 0) | 200 OK [http://localhost/meals/new]
  [4;35;1mSQL (0.2ms)[0m   [0mSET client_min_messages TO 'panic'[0m
  [4;36;1mSQL (0.1ms)[0m   [0;1mSET client_min_messages TO 'notice'[0m


Processing MealsController#new (for 127.0.0.1 at 2009-07-14 23:02:39) [GET]
Rendering template within layouts/meals
Rendering meals/new
Rendered meals/_form (12.9ms)
Completed in 43ms (View: 20, DB: 0) | 200 OK [http://localhost/meals/new]
